<?xml version="1.0" encoding="UTF-8"?>
<!-- Generated by org.testng.reporters.JUnitReportReporter -->
<testsuite skipped="0" hostname="user-PC" name="testcases.SampleTest" tests="3" failures="0" timestamp="2021-01-02T15:54:03 IST" time="0.003" errors="0">
  <testcase name="firstTest" time="0.002" classname="testcases.SampleTest"/>
  <system-out/>
  <testcase name="secondTest" time="0.001" classname="testcases.SampleTest"/>
  <system-out/>
  <testcase name="thirdTest" time="0.000" classname="testcases.SampleTest"/>
  <system-out/>
</testsuite> <!-- testcases.SampleTest -->
